[debug] [2021-12-05T17:40:38.987Z] ----------------------------------------------------------------------
[debug] [2021-12-05T17:40:38.990Z] Command:       /usr/local/Cellar/node/17.0.1/bin/node /usr/local/bin/firebase init
[debug] [2021-12-05T17:40:38.991Z] CLI Version:   9.23.0
[debug] [2021-12-05T17:40:38.991Z] Platform:      darwin
[debug] [2021-12-05T17:40:38.991Z] Node Version:  v17.0.1
[debug] [2021-12-05T17:40:38.999Z] Time:          Mon Dec 06 2021 00:40:38 GMT+0700 (Western Indonesia Time)
[debug] [2021-12-05T17:40:38.999Z] ----------------------------------------------------------------------
[debug] 
[debug] [2021-12-05T17:40:39.008Z] > command requires scopes: ["email","openid","https://www.googleapis.com/auth/cloudplatformprojects.readonly","https://www.googleapis.com/auth/firebase","https://www.googleapis.com/auth/cloud-platform"]
[debug] [2021-12-05T17:40:39.008Z] > authorizing via signed-in user (hamdan.prakoso007@gmail.com)
[info] 
     ######## #### ########  ######## ########     ###     ######  ########
     ##        ##  ##     ## ##       ##     ##  ##   ##  ##       ##
     ######    ##  ########  ######   ########  #########  ######  ######
     ##        ##  ##    ##  ##       ##     ## ##     ##       ## ##
     ##       #### ##     ## ######## ########  ##     ##  ######  ########

You're about to initialize a Firebase project in this directory:

  /Users/hamdanprakoso/Documents/pwa/pwa-react

[info] 
=== Project Setup
[info] 
[info] First, let's associate this project directory with a Firebase project.
[info] You can create multiple project aliases by running firebase use --add, 
[info] but for now we'll just set up a default project.
[info] 
[info] i  If you want to create a project in a Google Cloud organization or folder, please use "firebase projects:create" instead, and return to this command when you've created the project. 
[debug] [2021-12-05T17:40:59.108Z] > refreshing access token with scopes: ["email","https://www.googleapis.com/auth/cloud-platform","https://www.googleapis.com/auth/cloudplatformprojects.readonly","https://www.googleapis.com/auth/firebase","openid"]
[debug] [2021-12-05T17:40:59.108Z] >>> HTTP REQUEST POST https://www.googleapis.com/oauth2/v3/token  
 <request body omitted>
[debug] [2021-12-05T17:40:59.240Z] <<< HTTP RESPONSE 200 {"expires":"Mon, 01 Jan 1990 00:00:00 GMT","date":"Sun, 05 Dec 2021 17:40:59 GMT","pragma":"no-cache","cache-control":"no-cache, no-store, max-age=0, must-revalidate","content-type":"application/json; charset=utf-8","vary":"X-Origin, Referer, Origin,Accept-Encoding","server":"scaffolding on HTTPServer2","x-xss-protection":"0","x-frame-options":"SAMEORIGIN","x-content-type-options":"nosniff","alt-svc":"h3=\":443\"; ma=2592000,h3-29=\":443\"; ma=2592000,h3-Q050=\":443\"; ma=2592000,h3-Q046=\":443\"; ma=2592000,h3-Q043=\":443\"; ma=2592000,quic=\":443\"; ma=2592000; v=\"46,43\"","accept-ranges":"none","transfer-encoding":"chunked"}
[debug] [2021-12-05T17:40:59.274Z] >>> HTTP REQUEST POST https://cloudresourcemanager.googleapis.com/v1/projects  
 {"projectId":"snapgram-react","name":"snapgram-react"}
[debug] [2021-12-05T17:41:00.393Z] <<< HTTP RESPONSE 409 {"vary":"X-Origin, Referer, Origin,Accept-Encoding","content-type":"application/json; charset=UTF-8","date":"Sun, 05 Dec 2021 17:41:00 GMT","server":"ESF","cache-control":"private","x-xss-protection":"0","x-frame-options":"SAMEORIGIN","x-content-type-options":"nosniff","server-timing":"gfet4t7; dur=1018","alt-svc":"h3=\":443\"; ma=2592000,h3-29=\":443\"; ma=2592000,h3-Q050=\":443\"; ma=2592000,h3-Q046=\":443\"; ma=2592000,h3-Q043=\":443\"; ma=2592000,quic=\":443\"; ma=2592000; v=\"46,43\"","accept-ranges":"none","transfer-encoding":"chunked"}
[debug] [2021-12-05T17:41:00.393Z] <<< HTTP RESPONSE BODY {"error":{"code":409,"message":"Requested entity already exists","status":"ALREADY_EXISTS"}}
[debug] [2021-12-05T17:41:00.494Z] FirebaseError: HTTP Error: 409, Requested entity already exists
    at module.exports (/usr/local/lib/node_modules/firebase-tools/lib/responseToError.js:38:12)
    at Request._callback (/usr/local/lib/node_modules/firebase-tools/lib/api.js:41:35)
    at Request.self.callback (/usr/local/lib/node_modules/firebase-tools/node_modules/request/request.js:185:22)
    at Request.emit (node:events:390:28)
    at Request.emit (node:domain:475:12)
    at Request.<anonymous> (/usr/local/lib/node_modules/firebase-tools/node_modules/request/request.js:1154:10)
    at Request.emit (node:events:390:28)
    at Request.emit (node:domain:475:12)
    at IncomingMessage.<anonymous> (/usr/local/lib/node_modules/firebase-tools/node_modules/request/request.js:1076:12)
    at Object.onceWrapper (node:events:509:28)
    at IncomingMessage.emit (node:events:402:35)
    at IncomingMessage.emit (node:domain:475:12)
    at endReadableNT (node:internal/streams/readable:1340:12)
    at processTicksAndRejections (node:internal/process/task_queues:83:21)
[error] 
[error] Error: Failed to create project because there is already a project with ID snapgram-react. Please try again with a unique project ID.
[debug] [2021-12-05T17:41:08.136Z] ----------------------------------------------------------------------
[debug] [2021-12-05T17:41:08.138Z] Command:       /usr/local/Cellar/node/17.0.1/bin/node /usr/local/bin/firebase init
[debug] [2021-12-05T17:41:08.139Z] CLI Version:   9.23.0
[debug] [2021-12-05T17:41:08.139Z] Platform:      darwin
[debug] [2021-12-05T17:41:08.139Z] Node Version:  v17.0.1
[debug] [2021-12-05T17:41:08.140Z] Time:          Mon Dec 06 2021 00:41:08 GMT+0700 (Western Indonesia Time)
[debug] [2021-12-05T17:41:08.141Z] ----------------------------------------------------------------------
[debug] 
[debug] [2021-12-05T17:41:08.148Z] > command requires scopes: ["email","openid","https://www.googleapis.com/auth/cloudplatformprojects.readonly","https://www.googleapis.com/auth/firebase","https://www.googleapis.com/auth/cloud-platform"]
[debug] [2021-12-05T17:41:08.149Z] > authorizing via signed-in user (hamdan.prakoso007@gmail.com)
[info] 
     ######## #### ########  ######## ########     ###     ######  ########
     ##        ##  ##     ## ##       ##     ##  ##   ##  ##       ##
     ######    ##  ########  ######   ########  #########  ######  ######
     ##        ##  ##    ##  ##       ##     ## ##     ##       ## ##
     ##       #### ##     ## ######## ########  ##     ##  ######  ########

You're about to initialize a Firebase project in this directory:

  /Users/hamdanprakoso/Documents/pwa/pwa-react

[info] 
=== Project Setup
[info] 
[info] First, let's associate this project directory with a Firebase project.
[info] You can create multiple project aliases by running firebase use --add, 
[info] but for now we'll just set up a default project.
[info] 
[info] i  If you want to create a project in a Google Cloud organization or folder, please use "firebase projects:create" instead, and return to this command when you've created the project. 
[debug] [2021-12-05T17:41:27.855Z] >>> HTTP REQUEST POST https://cloudresourcemanager.googleapis.com/v1/projects  
 {"projectId":"snapgram-react-pwa","name":"snapgram-react-pwa"}
[debug] [2021-12-05T17:41:29.286Z] <<< HTTP RESPONSE 200 {"content-type":"application/json; charset=UTF-8","vary":"X-Origin, Referer, Origin,Accept-Encoding","date":"Sun, 05 Dec 2021 17:41:29 GMT","server":"ESF","cache-control":"private","x-xss-protection":"0","x-frame-options":"SAMEORIGIN","x-content-type-options":"nosniff","server-timing":"gfet4t7; dur=1301","alt-svc":"h3=\":443\"; ma=2592000,h3-29=\":443\"; ma=2592000,h3-Q050=\":443\"; ma=2592000,h3-Q046=\":443\"; ma=2592000,h3-Q043=\":443\"; ma=2592000,quic=\":443\"; ma=2592000; v=\"46,43\"","accept-ranges":"none","transfer-encoding":"chunked"}
[debug] [2021-12-05T17:41:29.288Z] > refreshing access token with scopes: []
[debug] [2021-12-05T17:41:29.289Z] >>> HTTP REQUEST POST https://www.googleapis.com/oauth2/v3/token  
 <request body omitted>
[debug] [2021-12-05T17:41:29.412Z] <<< HTTP RESPONSE 200 {"pragma":"no-cache","cache-control":"no-cache, no-store, max-age=0, must-revalidate","expires":"Mon, 01 Jan 1990 00:00:00 GMT","date":"Sun, 05 Dec 2021 17:41:29 GMT","content-type":"application/json; charset=utf-8","vary":"X-Origin, Referer, Origin,Accept-Encoding","server":"scaffolding on HTTPServer2","x-xss-protection":"0","x-frame-options":"SAMEORIGIN","x-content-type-options":"nosniff","alt-svc":"h3=\":443\"; ma=2592000,h3-29=\":443\"; ma=2592000,h3-Q050=\":443\"; ma=2592000,h3-Q046=\":443\"; ma=2592000,h3-Q043=\":443\"; ma=2592000,quic=\":443\"; ma=2592000; v=\"46,43\"","accept-ranges":"none","transfer-encoding":"chunked"}
[debug] [2021-12-05T17:41:29.464Z] >>> [apiv2][query] GET https://cloudresourcemanager.googleapis.com/v1/operations/cp.7334351920173021205 [none]
[debug] [2021-12-05T17:41:30.854Z] <<< [apiv2][status] GET https://cloudresourcemanager.googleapis.com/v1/operations/cp.7334351920173021205 200
[debug] [2021-12-05T17:41:30.855Z] <<< [apiv2][body] GET https://cloudresourcemanager.googleapis.com/v1/operations/cp.7334351920173021205 {"name":"operations/cp.7334351920173021205"}
[debug] [2021-12-05T17:41:31.355Z] [Project Creation Poller] Retrying task index 0
[debug] [2021-12-05T17:41:31.356Z] >>> [apiv2][query] GET https://cloudresourcemanager.googleapis.com/v1/operations/cp.7334351920173021205 [none]
[debug] [2021-12-05T17:41:32.822Z] <<< [apiv2][status] GET https://cloudresourcemanager.googleapis.com/v1/operations/cp.7334351920173021205 200
[debug] [2021-12-05T17:41:32.822Z] <<< [apiv2][body] GET https://cloudresourcemanager.googleapis.com/v1/operations/cp.7334351920173021205 {"name":"operations/cp.7334351920173021205","metadata":{"@type":"type.googleapis.com/google.cloudresourcemanager.v1.ProjectCreationStatus","gettable":true,"ready":true},"done":true,"response":{"@type":"type.googleapis.com/google.cloudresourcemanager.v1.Project","projectNumber":"66756267064","projectId":"snapgram-react-pwa","lifecycleState":"ACTIVE","name":"snapgram-react-pwa","createTime":"2021-12-05T17:41:28.953Z"}}
[debug] [2021-12-05T17:41:32.824Z] > refreshing access token with scopes: ["email","https://www.googleapis.com/auth/cloud-platform","https://www.googleapis.com/auth/cloudplatformprojects.readonly","https://www.googleapis.com/auth/firebase","openid"]
[debug] [2021-12-05T17:41:32.824Z] >>> HTTP REQUEST POST https://www.googleapis.com/oauth2/v3/token  
 <request body omitted>
[debug] [2021-12-05T17:41:32.925Z] <<< HTTP RESPONSE 200 {"pragma":"no-cache","date":"Sun, 05 Dec 2021 17:41:32 GMT","expires":"Mon, 01 Jan 1990 00:00:00 GMT","cache-control":"no-cache, no-store, max-age=0, must-revalidate","content-type":"application/json; charset=utf-8","vary":"X-Origin, Referer, Origin,Accept-Encoding","server":"scaffolding on HTTPServer2","x-xss-protection":"0","x-frame-options":"SAMEORIGIN","x-content-type-options":"nosniff","alt-svc":"h3=\":443\"; ma=2592000,h3-29=\":443\"; ma=2592000,h3-Q050=\":443\"; ma=2592000,h3-Q046=\":443\"; ma=2592000,h3-Q043=\":443\"; ma=2592000,quic=\":443\"; ma=2592000; v=\"46,43\"","accept-ranges":"none","transfer-encoding":"chunked"}
[debug] [2021-12-05T17:41:32.970Z] >>> HTTP REQUEST POST https://firebase.googleapis.com/v1beta1/projects/snapgram-react-pwa:addFirebase  
 
[debug] [2021-12-05T17:41:36.376Z] <<< HTTP RESPONSE 200 {"content-type":"application/json; charset=UTF-8","vary":"X-Origin, Referer, Origin,Accept-Encoding","date":"Sun, 05 Dec 2021 17:41:36 GMT","server":"ESF","cache-control":"private","x-xss-protection":"0","x-frame-options":"SAMEORIGIN","x-content-type-options":"nosniff","alt-svc":"h3=\":443\"; ma=2592000,h3-29=\":443\"; ma=2592000,h3-Q050=\":443\"; ma=2592000,h3-Q046=\":443\"; ma=2592000,h3-Q043=\":443\"; ma=2592000,quic=\":443\"; ma=2592000; v=\"46,43\"","accept-ranges":"none","transfer-encoding":"chunked"}
[debug] [2021-12-05T17:41:36.377Z] > refreshing access token with scopes: []
[debug] [2021-12-05T17:41:36.377Z] >>> HTTP REQUEST POST https://www.googleapis.com/oauth2/v3/token  
 <request body omitted>
[debug] [2021-12-05T17:41:36.494Z] <<< HTTP RESPONSE 200 {"date":"Sun, 05 Dec 2021 17:41:36 GMT","pragma":"no-cache","expires":"Mon, 01 Jan 1990 00:00:00 GMT","cache-control":"no-cache, no-store, max-age=0, must-revalidate","content-type":"application/json; charset=utf-8","vary":"X-Origin, Referer, Origin,Accept-Encoding","server":"scaffolding on HTTPServer2","x-xss-protection":"0","x-frame-options":"SAMEORIGIN","x-content-type-options":"nosniff","alt-svc":"h3=\":443\"; ma=2592000,h3-29=\":443\"; ma=2592000,h3-Q050=\":443\"; ma=2592000,h3-Q046=\":443\"; ma=2592000,h3-Q043=\":443\"; ma=2592000,quic=\":443\"; ma=2592000; v=\"46,43\"","accept-ranges":"none","transfer-encoding":"chunked"}
[debug] [2021-12-05T17:41:36.544Z] >>> [apiv2][query] GET https://firebase.googleapis.com/v1beta1/operations/workflows/MTgyZDBhNWUtNDY5ZC00ZWJkLWE3ZjYtMzZlOTU5ZTMzODM2 [none]
[debug] [2021-12-05T17:41:37.865Z] <<< [apiv2][status] GET https://firebase.googleapis.com/v1beta1/operations/workflows/MTgyZDBhNWUtNDY5ZC00ZWJkLWE3ZjYtMzZlOTU5ZTMzODM2 200
[debug] [2021-12-05T17:41:37.865Z] <<< [apiv2][body] GET https://firebase.googleapis.com/v1beta1/operations/workflows/MTgyZDBhNWUtNDY5ZC00ZWJkLWE3ZjYtMzZlOTU5ZTMzODM2 {"name":"operations/workflows/MTgyZDBhNWUtNDY5ZC00ZWJkLWE3ZjYtMzZlOTU5ZTMzODM2"}
[debug] [2021-12-05T17:41:38.365Z] [Add Firebase Poller] Retrying task index 0
[debug] [2021-12-05T17:41:38.365Z] >>> [apiv2][query] GET https://firebase.googleapis.com/v1beta1/operations/workflows/MTgyZDBhNWUtNDY5ZC00ZWJkLWE3ZjYtMzZlOTU5ZTMzODM2 [none]
[debug] [2021-12-05T17:41:39.860Z] <<< [apiv2][status] GET https://firebase.googleapis.com/v1beta1/operations/workflows/MTgyZDBhNWUtNDY5ZC00ZWJkLWE3ZjYtMzZlOTU5ZTMzODM2 200
[debug] [2021-12-05T17:41:39.860Z] <<< [apiv2][body] GET https://firebase.googleapis.com/v1beta1/operations/workflows/MTgyZDBhNWUtNDY5ZC00ZWJkLWE3ZjYtMzZlOTU5ZTMzODM2 {"name":"operations/workflows/MTgyZDBhNWUtNDY5ZC00ZWJkLWE3ZjYtMzZlOTU5ZTMzODM2"}
[debug] [2021-12-05T17:41:40.861Z] [Add Firebase Poller] Retrying task index 0
[debug] [2021-12-05T17:41:40.861Z] >>> [apiv2][query] GET https://firebase.googleapis.com/v1beta1/operations/workflows/MTgyZDBhNWUtNDY5ZC00ZWJkLWE3ZjYtMzZlOTU5ZTMzODM2 [none]
[debug] [2021-12-05T17:41:41.881Z] <<< [apiv2][status] GET https://firebase.googleapis.com/v1beta1/operations/workflows/MTgyZDBhNWUtNDY5ZC00ZWJkLWE3ZjYtMzZlOTU5ZTMzODM2 200
[debug] [2021-12-05T17:41:41.881Z] <<< [apiv2][body] GET https://firebase.googleapis.com/v1beta1/operations/workflows/MTgyZDBhNWUtNDY5ZC00ZWJkLWE3ZjYtMzZlOTU5ZTMzODM2 {"name":"operations/workflows/MTgyZDBhNWUtNDY5ZC00ZWJkLWE3ZjYtMzZlOTU5ZTMzODM2"}
[debug] [2021-12-05T17:41:43.881Z] [Add Firebase Poller] Retrying task index 0
[debug] [2021-12-05T17:41:43.882Z] >>> [apiv2][query] GET https://firebase.googleapis.com/v1beta1/operations/workflows/MTgyZDBhNWUtNDY5ZC00ZWJkLWE3ZjYtMzZlOTU5ZTMzODM2 [none]
[debug] [2021-12-05T17:41:44.977Z] <<< [apiv2][status] GET https://firebase.googleapis.com/v1beta1/operations/workflows/MTgyZDBhNWUtNDY5ZC00ZWJkLWE3ZjYtMzZlOTU5ZTMzODM2 200
[debug] [2021-12-05T17:41:44.977Z] <<< [apiv2][body] GET https://firebase.googleapis.com/v1beta1/operations/workflows/MTgyZDBhNWUtNDY5ZC00ZWJkLWE3ZjYtMzZlOTU5ZTMzODM2 {"name":"operations/workflows/MTgyZDBhNWUtNDY5ZC00ZWJkLWE3ZjYtMzZlOTU5ZTMzODM2","done":true,"response":{"@type":"type.googleapis.com/google.firebase.service.v1beta1.FirebaseProject","projectId":"snapgram-react-pwa","projectNumber":"66756267064","displayName":"snapgram-react-pwa","name":"projects/snapgram-react-pwa","resources":{"hostingSite":"snapgram-react-pwa"}}}
[info] 
[info] 🎉🎉🎉 Your Firebase project is ready! 🎉🎉🎉
[info] 
[info] Project information:
[info]    - Project ID: snapgram-react-pwa
[info]    - Project Name: snapgram-react-pwa
[info] 
[info] Firebase console is available at
[info] https://console.firebase.google.com/project/snapgram-react-pwa/overview
[info] i  Using project snapgram-react-pwa (snapgram-react-pwa) 
[info] 
=== Hosting Setup
[info] 
[info] Your public directory is the folder (relative to your project directory) that
[info] will contain Hosting assets to be uploaded with firebase deploy. If you
[info] have a build process for your assets, use your build's output directory.
[info] 
[debug] [2021-12-05T17:42:27.753Z] >>> [apiv2][query] GET https://www.gstatic.com/firebasejs/releases.json [none]
[debug] [2021-12-05T17:42:27.858Z] <<< [apiv2][status] GET https://www.gstatic.com/firebasejs/releases.json 200
[debug] [2021-12-05T17:42:27.858Z] <<< [apiv2][body] GET https://www.gstatic.com/firebasejs/releases.json {"current":{"version":"9.6.0","browserURL":"https://www.gstatic.com/firebasejs/9.6.0/firebase.js","packageURL":"https://www.gstatic.com/firebasejs/9.6.0/firebase.tgz"},"live":{"version":"9.6","browserURL":"https://www.gstatic.com/firebasejs/live/9.6/firebase.js","packageURL":"https://www.gstatic.com/firebasejs/live/9.6/firebase.tgz"},"components":{"analytics":"https://www.gstatic.com/firebasejs/9.6.0/firebase-analytics.js","app":"https://www.gstatic.com/firebasejs/9.6.0/firebase-app.js","app-check":"https://www.gstatic.com/firebasejs/9.6.0/firebase-app-check.js","auth":"https://www.gstatic.com/firebasejs/9.6.0/firebase-auth.js","auth/cordova":"https://www.gstatic.com/firebasejs/9.6.0/firebase-auth/cordova.js","auth/react-native":"https://www.gstatic.com/firebasejs/9.6.0/firebase-auth/react-native.js","functions":"https://www.gstatic.com/firebasejs/9.6.0/firebase-functions.js","firestore":"https://www.gstatic.com/firebasejs/9.6.0/firebase-firestore.js","firestore/lite":"https://www.gstatic.com/firebasejs/9.6.0/firebase-firestore/lite.js","storage":"https://www.gstatic.com/firebasejs/9.6.0/firebase-storage.js","performance":"https://www.gstatic.com/firebasejs/9.6.0/firebase-performance.js","remote-config":"https://www.gstatic.com/firebasejs/9.6.0/firebase-remote-config.js","messaging":"https://www.gstatic.com/firebasejs/9.6.0/firebase-messaging.js","messaging/sw":"https://www.gstatic.com/firebasejs/9.6.0/firebase-messaging/sw.js","database":"https://www.gstatic.com/firebasejs/9.6.0/firebase-database.js","firestore.memory":"https://www.gstatic.com/firebasejs/9.6.0/firebase-firestore.memory.js"}}
[info] i  Skipping write of build/index.html 
[info] 
[info] i  Detected a .git folder at /Users/hamdanprakoso/Documents/pwa/pwa-react 
[info] i  Authorizing with GitHub to upload your service account to a GitHub repository's secrets store. 
[info] 
[info] Visit this URL on this device to log in:
[info] https://github.com/login/oauth/authorize?client_id=89cf50f02ac6aaed3484&state=468423290&redirect_uri=http%3A%2F%2Flocalhost%3A9005&scope=read%3Auser%20repo%20public_repo
[info] 
[info] Waiting for authentication...
[debug] [2021-12-05T17:42:43.575Z] >>> HTTP REQUEST POST https://github.com/login/oauth/access_token  
 {"client_id":"89cf50f02ac6aaed3484","client_secret":"3330d14abc895d9a74d5f17cd7a00711fa2c5bf0","code":"15a090fb4fd9ed1b19ab","redirect_uri":"http://localhost:9005","state":"468423290"}
[debug] [2021-12-05T17:42:43.981Z] <<< HTTP RESPONSE 200 {"server":"GitHub.com","date":"Sun, 05 Dec 2021 17:42:43 GMT","content-type":"application/json; charset=utf-8","transfer-encoding":"chunked","vary":"X-PJAX, X-PJAX-Container, Accept-Encoding, Accept, X-Requested-With","permissions-policy":"interest-cohort=()","etag":"W/\"647d4b6cd1685c2db92661040b14cf09\"","cache-control":"max-age=0, private, must-revalidate","strict-transport-security":"max-age=31536000; includeSubdomains; preload","x-frame-options":"deny","x-content-type-options":"nosniff","x-xss-protection":"0","referrer-policy":"origin-when-cross-origin, strict-origin-when-cross-origin","expect-ct":"max-age=2592000, report-uri=\"https://api.github.com/_private/browser/errors\"","content-security-policy":"default-src 'none'; base-uri 'self'; block-all-mixed-content; child-src github.com/assets-cdn/worker/ gist.github.com/assets-cdn/worker/; connect-src 'self' uploads.github.com objects-origin.githubusercontent.com www.githubstatus.com collector.githubapp.com api.github.com github-cloud.s3.amazonaws.com github-production-repository-file-5c1aeb.s3.amazonaws.com github-production-upload-manifest-file-7fdce7.s3.amazonaws.com github-production-user-asset-6210df.s3.amazonaws.com cdn.optimizely.com logx.optimizely.com/v1/events translator.github.com wss://alive.github.com; font-src github.githubassets.com; form-action 'self' github.com gist.github.com objects-origin.githubusercontent.com; frame-ancestors 'none'; frame-src render.githubusercontent.com viewscreen.githubusercontent.com notebooks.githubusercontent.com; img-src 'self' data: github.githubassets.com identicons.github.com collector.githubapp.com github-cloud.s3.amazonaws.com secured-user-images.githubusercontent.com/ *.githubusercontent.com; manifest-src 'self'; media-src github.com user-images.githubusercontent.com/; script-src github.githubassets.com; style-src 'unsafe-inline' github.githubassets.com; worker-src github.com/assets-cdn/worker/ gist.github.com/assets-cdn/worker/","x-github-request-id":"EA63:686E:4E39C7:5FE1D9:61ACFA13"}
[debug] [2021-12-05T17:42:43.985Z] >>> [apiv2][query] GET https://api.github.com/user [none]
[debug] [2021-12-05T17:42:44.379Z] <<< [apiv2][status] GET https://api.github.com/user 200
[debug] [2021-12-05T17:42:44.379Z] <<< [apiv2][body] GET https://api.github.com/user {"login":"hmdnprks","id":10719949,"node_id":"MDQ6VXNlcjEwNzE5OTQ5","avatar_url":"https://avatars.githubusercontent.com/u/10719949?v=4","gravatar_id":"","url":"https://api.github.com/users/hmdnprks","html_url":"https://github.com/hmdnprks","followers_url":"https://api.github.com/users/hmdnprks/followers","following_url":"https://api.github.com/users/hmdnprks/following{/other_user}","gists_url":"https://api.github.com/users/hmdnprks/gists{/gist_id}","starred_url":"https://api.github.com/users/hmdnprks/starred{/owner}{/repo}","subscriptions_url":"https://api.github.com/users/hmdnprks/subscriptions","organizations_url":"https://api.github.com/users/hmdnprks/orgs","repos_url":"https://api.github.com/users/hmdnprks/repos","events_url":"https://api.github.com/users/hmdnprks/events{/privacy}","received_events_url":"https://api.github.com/users/hmdnprks/received_events","type":"User","site_admin":false,"name":"Hamdan Prakoso","company":null,"blog":"hamdan.id","location":"Jakarta","email":"hamdan.prakoso@mail.ugm.ac.id","hireable":null,"bio":"Front End Dev","twitter_username":"hamdanjz4","public_repos":29,"public_gists":0,"followers":5,"following":2,"created_at":"2015-01-27T04:48:58Z","updated_at":"2021-12-01T15:40:29Z","private_gists":1,"total_private_repos":14,"owned_private_repos":14,"disk_usage":218502,"collaborators":9,"two_factor_authentication":false,"plan":{"name":"pro","space":976562499,"collaborators":0,"private_repos":9999}}
[info] 
[info] ✔  Success! Logged into GitHub as hmdnprks 
[info] 
